{"level":"info","message":"User logged in: bilalkhan2222@gmail.com","service":"sms-backend","timestamp":"2024-12-31T18:19:14.140Z"}
{"level":"info","message":"User logged in: bilalkhan2222@gmail.com","service":"sms-backend","timestamp":"2024-12-31T18:30:18.980Z"}
{"level":"info","message":"User logged in: bilalkhan2222@gmail.com","service":"sms-backend","timestamp":"2024-12-31T18:45:46.129Z"}
{"level":"info","message":"User logged in: bilalkhan2222@gmail.com","service":"sms-backend","timestamp":"2024-12-31T18:54:24.004Z"}
{"level":"info","message":"User logged in: bilalkhan2222@gmail.com","service":"sms-backend","timestamp":"2024-12-31T18:58:07.630Z"}
{"level":"info","message":"User logged in: bilalkhan2222@gmail.com","service":"sms-backend","timestamp":"2024-12-31T18:58:50.772Z"}
{"level":"info","message":"User logged in: bilalkhan2222@gmail.com","service":"sms-backend","timestamp":"2024-12-31T19:30:46.033Z"}
{"level":"info","message":"User logged in: bilalkhan2222@gmail.com","service":"sms-backend","timestamp":"2024-12-31T19:34:55.203Z"}
{"level":"info","message":"User logged in: bilalkhan2222@gmail.com","service":"sms-backend","timestamp":"2024-12-31T19:43:11.308Z"}
{"level":"info","message":"User logged in: bilalkhan2222@gmail.com","service":"sms-backend","timestamp":"2024-12-31T19:46:50.089Z"}
{"level":"info","message":"User logged in: bilalkhan2222@gmail.com","service":"sms-backend","timestamp":"2024-12-31T19:50:46.708Z"}
{"level":"info","message":"User logged in: bilalkhan2222@gmail.com","service":"sms-backend","timestamp":"2024-12-31T19:53:33.312Z"}
{"level":"info","message":"User logged in: bilalkhan2222@gmail.com","service":"sms-backend","timestamp":"2024-12-31T19:55:46.254Z"}
{"level":"info","message":"User logged in: bilalkhan2222@gmail.com","service":"sms-backend","timestamp":"2024-12-31T20:02:23.079Z"}
{"level":"info","message":"User logged in: bilalkhan2222@gmail.com","service":"sms-backend","timestamp":"2024-12-31T20:07:46.804Z"}
{"level":"info","message":"User logged in: superadmin@example.com","service":"sms-backend","timestamp":"2025-01-02T19:01:35.349Z"}
{"level":"info","message":"User logged in: superadmin@example.com","service":"sms-backend","timestamp":"2025-01-02T20:39:23.033Z"}
{"level":"info","message":"User logged in: superadmin@example.com","service":"sms-backend","timestamp":"2025-01-02T20:51:17.770Z"}
{"level":"info","message":"User logged in: superadmin@example.com","service":"sms-backend","timestamp":"2025-01-02T20:51:51.029Z"}
{"level":"info","message":"User logged in: superadmin@example.com","service":"sms-backend","timestamp":"2025-01-02T20:53:03.228Z"}
{"level":"info","message":"User logged in: superadmin@example.com","service":"sms-backend","timestamp":"2025-01-02T20:57:11.079Z"}
{"level":"info","message":"User logged in: superadmin@example.com","service":"sms-backend","timestamp":"2025-01-02T21:04:10.359Z"}
{"level":"info","message":"User logged in: superadmin@example.com","service":"sms-backend","timestamp":"2025-01-02T22:45:13.725Z"}
{"level":"info","message":"User logged in: superadmin@example.com","service":"sms-backend","timestamp":"2025-01-02T23:04:59.214Z"}
{"level":"info","message":"User logged in: superadmin@example.com","service":"sms-backend","timestamp":"2025-01-02T23:52:26.507Z"}
{"level":"info","message":"User logged in: superadmin@example.com","service":"sms-backend","timestamp":"2025-01-03T09:26:45.892Z"}
{"level":"info","message":"User logged out: superadmin@example.com","service":"sms-backend","timestamp":"2025-01-03T09:47:30.385Z"}
{"level":"info","message":"User logged in: superadmin@example.com","service":"sms-backend","timestamp":"2025-01-03T09:47:42.937Z"}
{"level":"info","message":"New user registered: superadmin1@example.com","service":"sms-backend","timestamp":"2025-01-03T14:17:13.726Z"}
{"level":"info","message":"User logged in: superadmin1@example.com","service":"sms-backend","timestamp":"2025-01-03T14:20:29.996Z"}
{"level":"info","message":"User logged in: superadmin1@example.com","service":"sms-backend","timestamp":"2025-01-03T14:21:01.184Z"}
{"level":"info","message":"User logged in: superadmin1@example.com","service":"sms-backend","timestamp":"2025-01-03T14:24:28.816Z"}
{"level":"info","message":"User logged in: superadmin1@example.com","service":"sms-backend","timestamp":"2025-01-03T14:32:09.882Z"}
{"level":"info","message":"User logged in: superadmin1@example.com","service":"sms-backend","timestamp":"2025-01-03T14:34:48.197Z"}
{"level":"info","message":"User logged in: superadmin1@example.com","service":"sms-backend","timestamp":"2025-01-03T14:35:09.950Z"}
{"level":"info","message":"User logged in: superadmin1@example.com","service":"sms-backend","timestamp":"2025-01-03T14:36:08.685Z"}
